C:\Program Files (x86)\Microsoft Visual Studio\2017\Community\Common7\IDE\VC\VCTargets\Microsoft.CppBuild.targets(372,5): warning MSB8004: Intermediate 目錄結尾不是結尾斜線。這個建置執行個體將會加入此斜線，因為這樣才能正確評估 Intermediate 目錄。
C:\Program Files (x86)\Microsoft Visual Studio\2017\Community\Common7\IDE\VC\VCTargets\Microsoft.CppBuild.targets(373,5): warning MSB8004: Output 目錄結尾不是結尾斜線。這個建置執行個體將會加入此斜線，因為這樣才能正確評估 Output 目錄。
  main.c
c:\users\user\desktop\hw3-2\5.35\project1\project1\main.c(17): warning C4996: 'scanf': This function or variable may be unsafe. Consider using scanf_s instead. To disable deprecation, use _CRT_SECURE_NO_WARNINGS. See online help for details.
  c:\program files (x86)\windows kits\10\include\10.0.15063.0\ucrt\stdio.h(1272): note: 請參閱 'scanf' 的宣告
c:\users\user\desktop\hw3-2\5.35\project1\project1\main.c(22): warning C4477: 'printf' : 格式字串 '%20u' 需要 'unsigned int' 類型的引數，但 variadic 引數 2 的類型為 'unsigned __int64'
  c:\users\user\desktop\hw3-2\5.35\project1\project1\main.c(22): note: 請考慮在格式字串中使用 '%llu'
  c:\users\user\desktop\hw3-2\5.35\project1\project1\main.c(22): note: 請考慮在格式字串中使用 '%I64u'
c:\users\user\desktop\hw3-2\5.35\project1\project1\main.c(34): warning C4477: 'printf' : 格式字串 '%u' 需要 'unsigned int' 類型的引數，但 variadic 引數 1 的類型為 'unsigned __int64'
  c:\users\user\desktop\hw3-2\5.35\project1\project1\main.c(34): note: 請考慮在格式字串中使用 '%llu'
  c:\users\user\desktop\hw3-2\5.35\project1\project1\main.c(34): note: 請考慮在格式字串中使用 '%I64u'
c:\users\user\desktop\hw3-2\5.35\project1\project1\main.c(37): warning C4477: 'printf' : 格式字串 '%u' 需要 'unsigned int' 類型的引數，但 variadic 引數 1 的類型為 'unsigned __int64'
  c:\users\user\desktop\hw3-2\5.35\project1\project1\main.c(37): note: 請考慮在格式字串中使用 '%llu'
  c:\users\user\desktop\hw3-2\5.35\project1\project1\main.c(37): note: 請考慮在格式字串中使用 '%I64u'
c:\users\user\desktop\hw3-2\5.35\project1\project1\main.c(37): warning C4477: 'printf' : 格式字串 '%u' 需要 'unsigned int' 類型的引數，但 variadic 引數 2 的類型為 'unsigned __int64'
  c:\users\user\desktop\hw3-2\5.35\project1\project1\main.c(37): note: 請考慮在格式字串中使用 '%llu'
  c:\users\user\desktop\hw3-2\5.35\project1\project1\main.c(37): note: 請考慮在格式字串中使用 '%I64u'
c:\users\user\desktop\hw3-2\5.35\project1\project1\main.c(48): warning C4716: 'fibonacci': 必須傳回值
  Project1.vcxproj -> C:\Users\User\Desktop\HW3-2\5.35\Project1\Project1\..\..\temp\debug\Project1.exe
  Project1.vcxproj -> ..\..\temp\debug\Project1.pdb (Partial PDB)
